C:\USERS\DAVIDJUN\DOCUMENTS\GITHUB\JUCELEAPFW\BUILDS\VISUALSTUDIO2010\DEBUG\BINARYDATA.OBJ
C:\Users\davidjun\Documents\GitHub\JuceLeapFw\Builds\VisualStudio2010\Debug\CL.10104.read.1.tlog
C:\Users\davidjun\Documents\GitHub\JuceLeapFw\Builds\VisualStudio2010\Debug\CL.10104.write.1.tlog
C:\Users\davidjun\Documents\GitHub\JuceLeapFw\Builds\VisualStudio2010\Debug\CL.11188.read.1.tlog
C:\Users\davidjun\Documents\GitHub\JuceLeapFw\Builds\VisualStudio2010\Debug\CL.11188.write.1.tlog
C:\Users\davidjun\Documents\GitHub\JuceLeapFw\Builds\VisualStudio2010\Debug\CL.11572.read.1.tlog
C:\Users\davidjun\Documents\GitHub\JuceLeapFw\Builds\VisualStudio2010\Debug\CL.11572.write.1.tlog
C:\Users\davidjun\Documents\GitHub\JuceLeapFw\Builds\VisualStudio2010\Debug\CL.3660.read.1.tlog
C:\Users\davidjun\Documents\GitHub\JuceLeapFw\Builds\VisualStudio2010\Debug\CL.3660.write.1.tlog
C:\Users\davidjun\Documents\GitHub\JuceLeapFw\Builds\VisualStudio2010\Debug\CL.5840.read.1.tlog
C:\Users\davidjun\Documents\GitHub\JuceLeapFw\Builds\VisualStudio2010\Debug\CL.5840.write.1.tlog
C:\Users\davidjun\Documents\GitHub\JuceLeapFw\Builds\VisualStudio2010\Debug\CL.6112.read.1.tlog
C:\Users\davidjun\Documents\GitHub\JuceLeapFw\Builds\VisualStudio2010\Debug\CL.6112.write.1.tlog
C:\Users\davidjun\Documents\GitHub\JuceLeapFw\Builds\VisualStudio2010\Debug\CL.6400.read.1.tlog
C:\Users\davidjun\Documents\GitHub\JuceLeapFw\Builds\VisualStudio2010\Debug\CL.6400.write.1.tlog
C:\Users\davidjun\Documents\GitHub\JuceLeapFw\Builds\VisualStudio2010\Debug\CL.8528.read.1.tlog
C:\Users\davidjun\Documents\GitHub\JuceLeapFw\Builds\VisualStudio2010\Debug\CL.8528.write.1.tlog
C:\Users\davidjun\Documents\GitHub\JuceLeapFw\Builds\VisualStudio2010\Debug\cl.command.1.tlog
C:\Users\davidjun\Documents\GitHub\JuceLeapFw\Builds\VisualStudio2010\Debug\CL.read.1.tlog
C:\Users\davidjun\Documents\GitHub\JuceLeapFw\Builds\VisualStudio2010\Debug\cl.write.1.tlog
C:\USERS\DAVIDJUN\DOCUMENTS\GITHUB\JUCELEAPFW\BUILDS\VISUALSTUDIO2010\DEBUG\DAQMX.OBJ
C:\USERS\DAVIDJUN\DOCUMENTS\GITHUB\JUCELEAPFW\BUILDS\VISUALSTUDIO2010\DEBUG\JUCE_CORE.OBJ
C:\USERS\DAVIDJUN\DOCUMENTS\GITHUB\JUCELEAPFW\BUILDS\VISUALSTUDIO2010\DEBUG\JUCE_CRYPTOGRAPHY.OBJ
C:\USERS\DAVIDJUN\DOCUMENTS\GITHUB\JUCELEAPFW\BUILDS\VISUALSTUDIO2010\DEBUG\JUCE_DATA_STRUCTURES.OBJ
C:\USERS\DAVIDJUN\DOCUMENTS\GITHUB\JUCELEAPFW\BUILDS\VISUALSTUDIO2010\DEBUG\JUCE_EVENTS.OBJ
C:\USERS\DAVIDJUN\DOCUMENTS\GITHUB\JUCELEAPFW\BUILDS\VISUALSTUDIO2010\DEBUG\JUCE_GRAPHICS.OBJ
C:\USERS\DAVIDJUN\DOCUMENTS\GITHUB\JUCELEAPFW\BUILDS\VISUALSTUDIO2010\DEBUG\JUCE_GUI_BASICS.OBJ
C:\USERS\DAVIDJUN\DOCUMENTS\GITHUB\JUCELEAPFW\BUILDS\VISUALSTUDIO2010\DEBUG\JUCE_GUI_EXTRA.OBJ
C:\USERS\DAVIDJUN\DOCUMENTS\GITHUB\JUCELEAPFW\BUILDS\VISUALSTUDIO2010\DEBUG\JUCE_OPENGL.OBJ
C:\Users\davidjun\Documents\GitHub\JuceLeapFw\Builds\VisualStudio2010\Debug\JuceLeapFw.write.1.tlog
C:\USERS\DAVIDJUN\DOCUMENTS\GITHUB\JUCELEAPFW\BUILDS\VISUALSTUDIO2010\DEBUG\LEAPUTIL.OBJ
C:\USERS\DAVIDJUN\DOCUMENTS\GITHUB\JUCELEAPFW\BUILDS\VISUALSTUDIO2010\DEBUG\LEAPUTILGL.OBJ
C:\USERS\DAVIDJUN\DOCUMENTS\GITHUB\JUCELEAPFW\BUILDS\VISUALSTUDIO2010\DEBUG\MAIN.OBJ
C:\USERS\DAVIDJUN\DOCUMENTS\GITHUB\JUCELEAPFW\BUILDS\VISUALSTUDIO2010\DEBUG\MAINWINDOW.OBJ
C:\Users\davidjun\Documents\GitHub\JuceLeapFw\Builds\VisualStudio2010\Debug\vc100.idb
C:\Users\davidjun\Documents\GitHub\JuceLeapFw\Builds\VisualStudio2010\Debug\vc100.pdb
